# JRE version: OpenJDK Runtime Environment (11.0.15) (build 11.0.15+0-b2043.56-9505619)
# Java VM: OpenJDK 64-Bit Server VM (11.0.15+0-b2043.56-9505619, mixed mode, tiered, compressed oops, g1 gc, windows-amd64)
Heap:
 garbage-first heap   total 196608K, used 22628K [0x0000000080000000, 0x0000000100000000)
  region size 1024K, 7 young (7168K), 1 survivors (1024K)
 Metaspace       used 21047K, capacity 21460K, committed 21628K, reserved 1069056K
  class space    used 2551K, capacity 2702K, committed 2764K, reserved 1048576K
GC Heap History (10 events):
Event: 14.292 GC heap before
{Heap before GC invocations=0 (full 0):
 garbage-first heap   total 196608K, used 16384K [0x0000000080000000, 0x0000000100000000)
  region size 1024K, 14 young (14336K), 0 survivors (0K)
 Metaspace       used 6788K, capacity 6993K, committed 7168K, reserved 1056768K
  class space    used 575K, capacity 650K, committed 768K, reserved 1048576K
}
Event: 14.307 GC heap after
{Heap after GC invocations=1 (full 0):
 garbage-first heap   total 196608K, used 3664K [0x0000000080000000, 0x0000000100000000)
  region size 1024K, 2 young (2048K), 2 survivors (2048K)
 Metaspace       used 6788K, capacity 6993K, committed 7168K, reserved 1056768K
  class space    used 575K, capacity 650K, committed 768K, reserved 1048576K
}
Event: 20.182 GC heap before
{Heap before GC invocations=1 (full 0):
 garbage-first heap   total 196608K, used 18000K [0x0000000080000000, 0x0000000100000000)
  region size 1024K, 13 young (13312K), 2 survivors (2048K)
 Metaspace       used 10216K, capacity 10523K, committed 10624K, reserved 1058816K
  class space    used 1040K, capacity 1106K, committed 1152K, reserved 1048576K
}
Event: 20.189 GC heap after
{Heap after GC invocations=2 (full 0):
 garbage-first heap   total 196608K, used 9448K [0x0000000080000000, 0x0000000100000000)
  region size 1024K, 2 young (2048K), 2 survivors (2048K)
 Metaspace       used 10216K, capacity 10523K, committed 10624K, reserved 1058816K
  class space    used 1040K, capacity 1106K, committed 1152K, reserved 1048576K
}
Event: 29.459 GC heap before
{Heap before GC invocations=2 (full 0):
 garbage-first heap   total 196608K, used 36072K [0x0000000080000000, 0x0000000100000000)
  region size 1024K, 28 young (28672K), 2 survivors (2048K)
 Metaspace       used 11339K, capacity 11576K, committed 11776K, reserved 1060864K
  class space    used 1156K, capacity 1244K, committed 1280K, reserved 1048576K
}
Event: 29.463 GC heap after
{Heap after GC invocations=3 (full 0):
 garbage-first heap   total 196608K, used 10440K [0x0000000080000000, 0x0000000100000000)
  region size 1024K, 3 young (3072K), 3 survivors (3072K)
 Metaspace       used 11339K, capacity 11576K, committed 11776K, reserved 1060864K
  class space    used 1156K, capacity 1244K, committed 1280K, reserved 1048576K
}
Event: 39.176 GC heap before
{Heap before GC invocations=3 (full 0):
 garbage-first heap   total 196608K, used 50376K [0x0000000080000000, 0x0000000100000000)
  region size 1024K, 41 young (41984K), 3 survivors (3072K)
 Metaspace       used 17766K, capacity 18256K, committed 18432K, reserved 1064960K
  class space    used 2037K, capacity 2186K, committed 2304K, reserved 1048576K
}
Event: 39.186 GC heap after
{Heap after GC invocations=4 (full 0):
 garbage-first heap   total 196608K, used 16571K [0x0000000080000000, 0x0000000100000000)
  region size 1024K, 6 young (6144K), 6 survivors (6144K)
 Metaspace       used 17766K, capacity 18256K, committed 18432K, reserved 1064960K
  class space    used 2037K, capacity 2186K, committed 2304K, reserved 1048576K
}
Event: 39.578 GC heap before
{Heap before GC invocations=4 (full 0):
 garbage-first heap   total 196608K, used 42171K [0x0000000080000000, 0x0000000100000000)
  region size 1024K, 32 young (32768K), 6 survivors (6144K)
 Metaspace       used 20736K, capacity 21192K, committed 21296K, reserved 1069056K
  class space    used 2495K, capacity 2635K, committed 2688K, reserved 1048576K
}
Event: 39.587 GC heap after
{Heap after GC invocations=5 (full 0):
 garbage-first heap   total 196608K, used 17508K [0x0000000080000000, 0x0000000100000000)
  region size 1024K, 1 young (1024K), 1 survivors (1024K)
 Metaspace       used 20736K, capacity 21192K, committed 21296K, reserved 1069056K
  class space    used 2495K, capacity 2635K, committed 2688K, reserved 1048576K
}

