# JRE version: OpenJDK Runtime Environment (11.0.15) (build 11.0.15+0-b2043.56-9505619)
# Java VM: OpenJDK 64-Bit Server VM (11.0.15+0-b2043.56-9505619, mixed mode, tiered, compressed oops, g1 gc, windows-amd64)
Heap:
 garbage-first heap   total 293888K, used 252928K [0x0000000080000000, 0x0000000100000000)
  region size 1024K, 20 young (20480K), 3 survivors (3072K)
 Metaspace       used 152608K, capacity 157630K, committed 157872K, reserved 1185792K
  class space    used 19290K, capacity 21135K, committed 21248K, reserved 1048576K
GC Heap History (20 events):
Event: 1225.996 GC heap before
{Heap before GC invocations=93 (full 0):
 garbage-first heap   total 293888K, used 243940K [0x0000000080000000, 0x0000000100000000)
  region size 1024K, 18 young (18432K), 1 survivors (1024K)
 Metaspace       used 138875K, capacity 143548K, committed 143920K, reserved 1173504K
  class space    used 17662K, capacity 19471K, committed 19584K, reserved 1048576K
}
Event: 1226.002 GC heap after
{Heap after GC invocations=94 (full 0):
 garbage-first heap   total 293888K, used 227175K [0x0000000080000000, 0x0000000100000000)
  region size 1024K, 2 young (2048K), 2 survivors (2048K)
 Metaspace       used 138875K, capacity 143548K, committed 143920K, reserved 1173504K
  class space    used 17662K, capacity 19471K, committed 19584K, reserved 1048576K
}
Event: 1226.155 GC heap before
{Heap before GC invocations=94 (full 0):
 garbage-first heap   total 293888K, used 245607K [0x0000000080000000, 0x0000000100000000)
  region size 1024K, 20 young (20480K), 2 survivors (2048K)
 Metaspace       used 139326K, capacity 144060K, committed 144176K, reserved 1173504K
  class space    used 17712K, capacity 19535K, committed 19584K, reserved 1048576K
}
Event: 1226.161 GC heap after
{Heap after GC invocations=95 (full 0):
 garbage-first heap   total 293888K, used 227424K [0x0000000080000000, 0x0000000100000000)
  region size 1024K, 2 young (2048K), 2 survivors (2048K)
 Metaspace       used 139326K, capacity 144060K, committed 144176K, reserved 1173504K
  class space    used 17712K, capacity 19535K, committed 19584K, reserved 1048576K
}
Event: 1226.378 GC heap before
{Heap before GC invocations=95 (full 0):
 garbage-first heap   total 293888K, used 246880K [0x0000000080000000, 0x0000000100000000)
  region size 1024K, 21 young (21504K), 2 survivors (2048K)
 Metaspace       used 139833K, capacity 144508K, committed 144816K, reserved 1175552K
  class space    used 17783K, capacity 19599K, committed 19712K, reserved 1048576K
}
Event: 1226.382 GC heap after
{Heap after GC invocations=96 (full 0):
 garbage-first heap   total 293888K, used 227589K [0x0000000080000000, 0x0000000100000000)
  region size 1024K, 2 young (2048K), 2 survivors (2048K)
 Metaspace       used 139833K, capacity 144508K, committed 144816K, reserved 1175552K
  class space    used 17783K, capacity 19599K, committed 19712K, reserved 1048576K
}
Event: 1227.185 GC heap before
{Heap before GC invocations=97 (full 0):
 garbage-first heap   total 293888K, used 247045K [0x0000000080000000, 0x0000000100000000)
  region size 1024K, 22 young (22528K), 2 survivors (2048K)
 Metaspace       used 140601K, capacity 145356K, committed 145456K, reserved 1175552K
  class space    used 17901K, capacity 19750K, committed 19840K, reserved 1048576K
}
Event: 1227.195 GC heap after
{Heap after GC invocations=98 (full 0):
 garbage-first heap   total 293888K, used 228249K [0x0000000080000000, 0x0000000100000000)
  region size 1024K, 2 young (2048K), 2 survivors (2048K)
 Metaspace       used 140601K, capacity 145356K, committed 145456K, reserved 1175552K
  class space    used 17901K, capacity 19750K, committed 19840K, reserved 1048576K
}
Event: 1227.417 GC heap before
{Heap before GC invocations=98 (full 0):
 garbage-first heap   total 293888K, used 248729K [0x0000000080000000, 0x0000000100000000)
  region size 1024K, 23 young (23552K), 2 survivors (2048K)
 Metaspace       used 141541K, capacity 146358K, committed 146608K, reserved 1175552K
  class space    used 18007K, capacity 19849K, committed 19968K, reserved 1048576K
}
Event: 1227.425 GC heap after
{Heap after GC invocations=99 (full 0):
 garbage-first heap   total 293888K, used 228717K [0x0000000080000000, 0x0000000100000000)
  region size 1024K, 2 young (2048K), 2 survivors (2048K)
 Metaspace       used 141541K, capacity 146358K, committed 146608K, reserved 1175552K
  class space    used 18007K, capacity 19849K, committed 19968K, reserved 1048576K
}
Event: 1227.640 GC heap before
{Heap before GC invocations=99 (full 0):
 garbage-first heap   total 293888K, used 252269K [0x0000000080000000, 0x0000000100000000)
  region size 1024K, 24 young (24576K), 2 survivors (2048K)
 Metaspace       used 142943K, capacity 147734K, committed 147888K, reserved 1177600K
  class space    used 18100K, capacity 19945K, committed 19968K, reserved 1048576K
}
Event: 1227.644 GC heap after
{Heap after GC invocations=100 (full 0):
 garbage-first heap   total 293888K, used 228659K [0x0000000080000000, 0x0000000100000000)
  region size 1024K, 2 young (2048K), 2 survivors (2048K)
 Metaspace       used 142943K, capacity 147734K, committed 147888K, reserved 1177600K
  class space    used 18100K, capacity 19945K, committed 19968K, reserved 1048576K
}
Event: 1228.682 GC heap before
{Heap before GC invocations=101 (full 0):
 garbage-first heap   total 293888K, used 252211K [0x0000000080000000, 0x0000000100000000)
  region size 1024K, 25 young (25600K), 2 survivors (2048K)
 Metaspace       used 145503K, capacity 150394K, committed 150448K, reserved 1179648K
  class space    used 18387K, capacity 20210K, committed 20224K, reserved 1048576K
}
Event: 1228.695 GC heap after
{Heap after GC invocations=102 (full 0):
 garbage-first heap   total 293888K, used 230255K [0x0000000080000000, 0x0000000100000000)
  region size 1024K, 3 young (3072K), 3 survivors (3072K)
 Metaspace       used 145503K, capacity 150394K, committed 150448K, reserved 1179648K
  class space    used 18387K, capacity 20210K, committed 20224K, reserved 1048576K
}
Event: 1229.632 GC heap before
{Heap before GC invocations=102 (full 0):
 garbage-first heap   total 293888K, used 253807K [0x0000000080000000, 0x0000000100000000)
  region size 1024K, 26 young (26624K), 3 survivors (3072K)
 Metaspace       used 148276K, capacity 153218K, committed 153520K, reserved 1181696K
  class space    used 18729K, capacity 20611K, committed 20736K, reserved 1048576K
}
Event: 1229.649 GC heap after
{Heap after GC invocations=103 (full 0):
 garbage-first heap   total 293888K, used 232653K [0x0000000080000000, 0x0000000100000000)
  region size 1024K, 4 young (4096K), 4 survivors (4096K)
 Metaspace       used 148276K, capacity 153218K, committed 153520K, reserved 1181696K
  class space    used 18729K, capacity 20611K, committed 20736K, reserved 1048576K
}
Event: 1231.241 GC heap before
{Heap before GC invocations=104 (full 0):
 garbage-first heap   total 293888K, used 254157K [0x0000000080000000, 0x0000000100000000)
  region size 1024K, 26 young (26624K), 4 survivors (4096K)
 Metaspace       used 152109K, capacity 157076K, committed 157360K, reserved 1185792K
  class space    used 19232K, capacity 21122K, committed 21248K, reserved 1048576K
}
Event: 1231.252 GC heap after
{Heap after GC invocations=105 (full 0):
 garbage-first heap   total 293888K, used 234045K [0x0000000080000000, 0x0000000100000000)
  region size 1024K, 2 young (2048K), 2 survivors (2048K)
 Metaspace       used 152109K, capacity 157076K, committed 157360K, reserved 1185792K
  class space    used 19232K, capacity 21122K, committed 21248K, reserved 1048576K
}
Event: 1231.956 GC heap before
{Heap before GC invocations=105 (full 0):
 garbage-first heap   total 293888K, used 255549K [0x0000000080000000, 0x0000000100000000)
  region size 1024K, 23 young (23552K), 2 survivors (2048K)
 Metaspace       used 152389K, capacity 157351K, committed 157616K, reserved 1185792K
  class space    used 19260K, capacity 21127K, committed 21248K, reserved 1048576K
}
Event: 1231.972 GC heap after
{Heap after GC invocations=106 (full 0):
 garbage-first heap   total 293888K, used 237568K [0x0000000080000000, 0x0000000100000000)
  region size 1024K, 3 young (3072K), 3 survivors (3072K)
 Metaspace       used 152389K, capacity 157351K, committed 157616K, reserved 1185792K
  class space    used 19260K, capacity 21127K, committed 21248K, reserved 1048576K
}

